{
  "RSpec": {
    "coverage": {
      "/home/developer/survey_app/app/controllers/answers_controller.rb": {
        "lines": [
          1,
          null,
          1,
          1,
          1,
          1,
          1,
          1,
          1,
          null,
          1,
          2,
          null,
          null,
          null,
          2,
          1,
          1,
          null,
          null,
          1,
          1,
          2,
          null,
          null,
          1,
          null,
          null,
          null,
          0,
          1,
          null,
          null,
          null,
          null,
          1,
          null,
          null,
          null,
          null,
          null,
          null,
          null,
          null,
          1,
          null,
          null,
          1,
          3,
          3,
          3,
          null,
          null,
          3,
          3,
          4,
          null,
          4,
          2,
          2,
          null,
          null,
          2,
          2,
          null,
          null,
          null,
          3,
          1,
          null,
          2,
          null,
          null,
          null,
          0,
          null,
          null,
          null,
          1,
          2,
          2,
          null,
          2,
          1,
          1,
          null,
          null,
          1,
          1,
          null,
          1,
          null,
          null,
          null,
          0,
          1,
          null,
          null,
          null,
          1,
          1,
          1,
          null,
          null,
          1,
          null,
          null,
          null,
          null,
          null,
          null,
          null,
          null,
          1,
          4,
          4,
          4,
          null,
          null,
          4,
          4,
          4,
          null,
          4,
          1,
          1,
          null,
          3,
          3,
          1,
          1,
          1,
          null,
          null,
          2,
          1,
          1,
          null,
          null,
          1,
          null,
          null,
          null,
          null,
          4,
          2,
          null,
          2,
          null,
          null,
          null,
          0,
          null,
          null,
          null,
          1,
          2,
          1,
          1,
          null,
          1,
          null,
          null,
          null,
          1,
          2,
          null,
          null,
          null,
          2,
          1,
          1,
          null,
          null,
          1,
          1,
          null,
          null,
          null,
          null,
          null,
          null,
          1,
          null,
          null,
          1,
          null,
          1,
          1,
          1,
          0,
          0,
          null,
          null,
          null,
          null,
          null,
          1,
          3,
          null,
          3,
          1,
          null,
          null,
          null,
          1,
          0,
          0,
          null,
          null,
          null,
          1,
          10,
          10,
          11,
          11,
          2,
          2,
          2,
          null,
          null,
          null,
          null,
          null,
          null,
          1,
          9,
          1,
          null,
          null,
          null,
          1,
          4,
          null,
          4,
          1,
          null,
          null,
          null,
          1,
          1,
          1,
          null,
          1,
          1,
          null,
          1,
          null,
          null,
          null,
          null,
          null,
          null,
          null,
          1,
          null,
          null,
          null,
          null,
          null,
          1,
          3,
          1,
          null,
          null,
          null
        ]
      },
      "/home/developer/survey_app/app/controllers/application_controller.rb": {
        "lines": [
          1,
          1,
          null,
          1,
          69,
          69,
          65,
          65,
          65,
          null,
          null,
          0,
          null,
          null,
          1,
          31,
          31,
          null,
          null
        ]
      },
      "/home/developer/survey_app/app/controllers/concerns/json_web_token.rb": {
        "lines": [
          1,
          1,
          null,
          1,
          36,
          36,
          null,
          null,
          1,
          65,
          65,
          null,
          0,
          null,
          0,
          null,
          null
        ]
      },
      "/home/developer/survey_app/app/controllers/survey_forms_controller.rb": {
        "lines": [
          1,
          1,
          1,
          null,
          1,
          2,
          2,
          1,
          null,
          1,
          null,
          null,
          null,
          1,
          2,
          2,
          1,
          null,
          1,
          null,
          null,
          null,
          1,
          2,
          1,
          null,
          1,
          null,
          null,
          null,
          1,
          1,
          1,
          null,
          null,
          1,
          null,
          1,
          4,
          null,
          4,
          1,
          null,
          null,
          null,
          1,
          4,
          null,
          null,
          null,
          null,
          null,
          null,
          null,
          null
        ]
      },
      "/home/developer/survey_app/app/controllers/users_controller.rb": {
        "lines": [
          1,
          1,
          null,
          1,
          2,
          2,
          1,
          1,
          null,
          1,
          null,
          null,
          null,
          1,
          2,
          2,
          1,
          1,
          null,
          1,
          null,
          null,
          null,
          1,
          1,
          null,
          null,
          1,
          2,
          1,
          null,
          1,
          null,
          null,
          null,
          1,
          1,
          null,
          null,
          null,
          1,
          null,
          1,
          4,
          null,
          null
        ]
      },
      "/home/developer/survey_app/app/models/answer.rb": {
        "lines": [
          1,
          1,
          1,
          1,
          1,
          null,
          1,
          1,
          1,
          null,
          1,
          1,
          null,
          1,
          null,
          1,
          24,
          null,
          null,
          1,
          24,
          null,
          null,
          1,
          24,
          null,
          null,
          1,
          24,
          24,
          null,
          0,
          null,
          24,
          24,
          null,
          0,
          null,
          null,
          null,
          null
        ]
      },
      "/home/developer/survey_app/app/models/application_record.rb": {
        "lines": [
          1,
          1,
          null
        ]
      },
      "/home/developer/survey_app/app/models/mcq_option.rb": {
        "lines": [
          1,
          1,
          1,
          null,
          1,
          null
        ]
      },
      "/home/developer/survey_app/app/models/question.rb": {
        "lines": [
          1,
          1,
          1,
          1,
          null,
          1,
          null,
          1,
          null,
          1,
          1,
          1,
          null,
          1,
          null,
          1,
          28,
          0,
          28,
          0,
          null,
          null,
          null
        ]
      },
      "/home/developer/survey_app/app/models/survey_form.rb": {
        "lines": [
          1,
          1,
          1,
          null,
          1,
          null,
          1,
          1,
          null
        ]
      },
      "/home/developer/survey_app/app/models/user.rb": {
        "lines": [
          1,
          1,
          null,
          1,
          1,
          null,
          1,
          1,
          1,
          1,
          1,
          1,
          1,
          null
        ]
      },
      "/home/developer/survey_app/app/serializers/answer_serializer.rb": {
        "lines": [
          1,
          1,
          null
        ]
      },
      "/home/developer/survey_app/app/serializers/survey_form_serializer.rb": {
        "lines": [
          1,
          1,
          null,
          1,
          null
        ]
      },
      "/home/developer/survey_app/app/serializers/question_serializer.rb": {
        "lines": [
          1,
          1,
          null,
          1,
          null,
          1,
          4,
          null,
          null
        ]
      },
      "/home/developer/survey_app/app/serializers/user_serializer.rb": {
        "lines": [
          1,
          1,
          null
        ]
      },
      "/home/developer/survey_app/app/channels/application_cable/channel.rb": {
        "lines": [
          0,
          0,
          0,
          0
        ],
        "branches": {}
      },
      "/home/developer/survey_app/app/channels/application_cable/connection.rb": {
        "lines": [
          0,
          0,
          0,
          0
        ],
        "branches": {}
      },
      "/home/developer/survey_app/app/jobs/application_job.rb": {
        "lines": [
          0,
          null,
          null,
          null,
          null,
          null,
          0
        ],
        "branches": {}
      },
      "/home/developer/survey_app/app/mailers/application_mailer.rb": {
        "lines": [
          0,
          0,
          0,
          0
        ],
        "branches": {}
      },
      "/home/developer/survey_app/app/serializers/mcq_option_serializer.rb": {
        "lines": [
          0,
          0,
          0
        ],
        "branches": {}
      }
    },
    "timestamp": 1732615985
  }
}
